  main.cpp
C:\Users\Callum\source\repos\EPAMaze\EPAMaze\main.cpp(63,50): warning C4244: 'argument': conversion from 'float' to 'unsigned int', possible loss of data
C:\Users\Callum\source\repos\EPAMaze\EPAMaze\main.cpp(63,43): warning C4244: 'argument': conversion from 'float' to 'unsigned int', possible loss of data
C:\Users\Callum\source\repos\EPAMaze\EPAMaze\main.cpp(74,75): warning C4244: 'argument': conversion from 'T' to 'T', possible loss of data
          with
          [
              T=unsigned int
          ]
          and
          [
              T=float
          ]
C:\Users\Callum\source\repos\EPAMaze\EPAMaze\main.cpp(74,51): warning C4244: 'argument': conversion from 'T' to 'T', possible loss of data
          with
          [
              T=unsigned int
          ]
          and
          [
              T=float
          ]
C:\Users\Callum\source\repos\EPAMaze\EPAMaze\main.cpp(95,75): warning C4244: 'argument': conversion from 'T' to 'T', possible loss of data
          with
          [
              T=unsigned int
          ]
          and
          [
              T=float
          ]
C:\Users\Callum\source\repos\EPAMaze\EPAMaze\main.cpp(95,51): warning C4244: 'argument': conversion from 'T' to 'T', possible loss of data
          with
          [
              T=unsigned int
          ]
          and
          [
              T=float
          ]
C:\Users\Callum\source\repos\EPAMaze\EPAMaze\main.cpp(102,51): warning C4244: 'argument': conversion from 'T' to 'float', possible loss of data
          with
          [
              T=unsigned int
          ]
C:\Users\Callum\source\repos\EPAMaze\EPAMaze\main.cpp(102,31): warning C4244: 'argument': conversion from 'T' to 'float', possible loss of data
          with
          [
              T=unsigned int
          ]
C:\Users\Callum\source\repos\EPAMaze\EPAMaze\main.cpp(119,62): warning C4244: 'argument': conversion from 'T' to 'T', possible loss of data
          with
          [
              T=unsigned int
          ]
          and
          [
              T=float
          ]
C:\Users\Callum\source\repos\EPAMaze\EPAMaze\main.cpp(126,59): warning C4244: 'argument': conversion from 'T' to 'T', possible loss of data
          with
          [
              T=unsigned int
          ]
          and
          [
              T=float
          ]
C:\Users\Callum\source\repos\EPAMaze\EPAMaze\main.cpp(133,82): warning C4244: 'argument': conversion from 'T' to 'T', possible loss of data
          with
          [
              T=unsigned int
          ]
          and
          [
              T=float
          ]
C:\Users\Callum\source\repos\EPAMaze\EPAMaze\main.cpp(133,58): warning C4244: 'argument': conversion from 'T' to 'T', possible loss of data
          with
          [
              T=unsigned int
          ]
          and
          [
              T=float
          ]
C:\Users\Callum\source\repos\EPAMaze\EPAMaze\main.cpp(139,99): warning C4244: 'argument': conversion from 'T' to 'T', possible loss of data
          with
          [
              T=unsigned int
          ]
          and
          [
              T=float
          ]
C:\Users\Callum\source\repos\EPAMaze\EPAMaze\main.cpp(139,54): warning C4244: 'argument': conversion from 'T' to 'T', possible loss of data
          with
          [
              T=unsigned int
          ]
          and
          [
              T=float
          ]
C:\Users\Callum\source\repos\EPAMaze\EPAMaze\main.cpp(295,60): warning C4244: 'argument': conversion from 'T' to 'T', possible loss of data
          with
          [
              T=unsigned int
          ]
          and
          [
              T=float
          ]
C:\Users\Callum\source\repos\EPAMaze\EPAMaze\main.cpp(313,96): warning C4244: 'argument': conversion from 'T' to 'T', possible loss of data
          with
          [
              T=unsigned int
          ]
          and
          [
              T=float
          ]
  menu.cpp
C:\Users\Callum\source\repos\EPAMaze\EPAMaze\menu.cpp(46,52): warning C4244: 'argument': conversion from 'T' to 'T', possible loss of data
          with
          [
              T=unsigned int
          ]
          and
          [
              T=float
          ]
  Generating Code...
  EPAMaze.vcxproj -> C:\Users\Callum\source\repos\EPAMaze\Debug\EPAMaze.exe
