  animation.cpp
  main.cpp
C:\Users\Callum\source\repos\EPAMaze\EPAMaze\main.cpp(63,50): warning C4244: 'argument': conversion from 'float' to 'unsigned int', possible loss of data
C:\Users\Callum\source\repos\EPAMaze\EPAMaze\main.cpp(63,43): warning C4244: 'argument': conversion from 'float' to 'unsigned int', possible loss of data
C:\Users\Callum\source\repos\EPAMaze\EPAMaze\main.cpp(74,75): warning C4244: 'argument': conversion from 'T' to 'T', possible loss of data
          with
          [
              T=unsigned int
          ]
          and
          [
              T=float
          ]
C:\Users\Callum\source\repos\EPAMaze\EPAMaze\main.cpp(74,51): warning C4244: 'argument': conversion from 'T' to 'T', possible loss of data
          with
          [
              T=unsigned int
          ]
          and
          [
              T=float
          ]
C:\Users\Callum\source\repos\EPAMaze\EPAMaze\main.cpp(95,75): warning C4244: 'argument': conversion from 'T' to 'T', possible loss of data
          with
          [
              T=unsigned int
          ]
          and
          [
              T=float
          ]
C:\Users\Callum\source\repos\EPAMaze\EPAMaze\main.cpp(95,51): warning C4244: 'argument': conversion from 'T' to 'T', possible loss of data
          with
          [
              T=unsigned int
          ]
          and
          [
              T=float
          ]
C:\Users\Callum\source\repos\EPAMaze\EPAMaze\main.cpp(102,51): warning C4244: 'argument': conversion from 'T' to 'float', possible loss of data
          with
          [
              T=unsigned int
          ]
C:\Users\Callum\source\repos\EPAMaze\EPAMaze\main.cpp(102,31): warning C4244: 'argument': conversion from 'T' to 'float', possible loss of data
          with
          [
              T=unsigned int
          ]
C:\Users\Callum\source\repos\EPAMaze\EPAMaze\main.cpp(118,62): warning C4244: 'argument': conversion from 'T' to 'T', possible loss of data
          with
          [
              T=unsigned int
          ]
          and
          [
              T=float
          ]
C:\Users\Callum\source\repos\EPAMaze\EPAMaze\main.cpp(125,59): warning C4244: 'argument': conversion from 'T' to 'T', possible loss of data
          with
          [
              T=unsigned int
          ]
          and
          [
              T=float
          ]
C:\Users\Callum\source\repos\EPAMaze\EPAMaze\main.cpp(132,82): warning C4244: 'argument': conversion from 'T' to 'T', possible loss of data
          with
          [
              T=unsigned int
          ]
          and
          [
              T=float
          ]
C:\Users\Callum\source\repos\EPAMaze\EPAMaze\main.cpp(132,58): warning C4244: 'argument': conversion from 'T' to 'T', possible loss of data
          with
          [
              T=unsigned int
          ]
          and
          [
              T=float
          ]
C:\Users\Callum\source\repos\EPAMaze\EPAMaze\main.cpp(138,99): warning C4244: 'argument': conversion from 'T' to 'T', possible loss of data
          with
          [
              T=unsigned int
          ]
          and
          [
              T=float
          ]
C:\Users\Callum\source\repos\EPAMaze\EPAMaze\main.cpp(138,54): warning C4244: 'argument': conversion from 'T' to 'T', possible loss of data
          with
          [
              T=unsigned int
          ]
          and
          [
              T=float
          ]
C:\Users\Callum\source\repos\EPAMaze\EPAMaze\main.cpp(294,60): warning C4244: 'argument': conversion from 'T' to 'T', possible loss of data
          with
          [
              T=unsigned int
          ]
          and
          [
              T=float
          ]
C:\Users\Callum\source\repos\EPAMaze\EPAMaze\main.cpp(312,96): warning C4244: 'argument': conversion from 'T' to 'T', possible loss of data
          with
          [
              T=unsigned int
          ]
          and
          [
              T=float
          ]
  menu.cpp
C:\Users\Callum\source\repos\EPAMaze\EPAMaze\menu.cpp(41,52): warning C4244: 'argument': conversion from 'T' to 'T', possible loss of data
          with
          [
              T=unsigned int
          ]
          and
          [
              T=float
          ]
  player.cpp
  tilemap.cpp
C:\Users\Callum\source\repos\EPAMaze\EPAMaze\tilemap.cpp(26,54): warning C4244: 'argument': conversion from 'unsigned int' to 'T', possible loss of data
          with
          [
              T=float
          ]
C:\Users\Callum\source\repos\EPAMaze\EPAMaze\tilemap.cpp(26,38): warning C4244: 'argument': conversion from 'unsigned int' to 'T', possible loss of data
          with
          [
              T=float
          ]
C:\Users\Callum\source\repos\EPAMaze\EPAMaze\tilemap.cpp(27,60): warning C4244: 'argument': conversion from 'unsigned int' to 'T', possible loss of data
          with
          [
              T=float
          ]
C:\Users\Callum\source\repos\EPAMaze\EPAMaze\tilemap.cpp(27,44): warning C4244: 'argument': conversion from 'unsigned int' to 'T', possible loss of data
          with
          [
              T=float
          ]
C:\Users\Callum\source\repos\EPAMaze\EPAMaze\tilemap.cpp(28,66): warning C4244: 'argument': conversion from 'unsigned int' to 'T', possible loss of data
          with
          [
              T=float
          ]
C:\Users\Callum\source\repos\EPAMaze\EPAMaze\tilemap.cpp(28,44): warning C4244: 'argument': conversion from 'unsigned int' to 'T', possible loss of data
          with
          [
              T=float
          ]
C:\Users\Callum\source\repos\EPAMaze\EPAMaze\tilemap.cpp(29,60): warning C4244: 'argument': conversion from 'unsigned int' to 'T', possible loss of data
          with
          [
              T=float
          ]
C:\Users\Callum\source\repos\EPAMaze\EPAMaze\tilemap.cpp(29,38): warning C4244: 'argument': conversion from 'unsigned int' to 'T', possible loss of data
          with
          [
              T=float
          ]
C:\Users\Callum\source\repos\EPAMaze\EPAMaze\tilemap.cpp(32,57): warning C4244: 'argument': conversion from 'T' to 'T', possible loss of data
          with
          [
              T=unsigned int
          ]
          and
          [
              T=float
          ]
C:\Users\Callum\source\repos\EPAMaze\EPAMaze\tilemap.cpp(32,40): warning C4244: 'argument': conversion from 'T' to 'T', possible loss of data
          with
          [
              T=unsigned int
          ]
          and
          [
              T=float
          ]
C:\Users\Callum\source\repos\EPAMaze\EPAMaze\tilemap.cpp(33,63): warning C4244: 'argument': conversion from 'T' to 'T', possible loss of data
          with
          [
              T=unsigned int
          ]
          and
          [
              T=float
          ]
C:\Users\Callum\source\repos\EPAMaze\EPAMaze\tilemap.cpp(33,46): warning C4244: 'argument': conversion from 'T' to 'T', possible loss of data
          with
          [
              T=unsigned int
          ]
          and
          [
              T=float
          ]
C:\Users\Callum\source\repos\EPAMaze\EPAMaze\tilemap.cpp(34,69): warning C4244: 'argument': conversion from 'T' to 'T', possible loss of data
          with
          [
              T=unsigned int
          ]
          and
          [
              T=float
          ]
C:\Users\Callum\source\repos\EPAMaze\EPAMaze\tilemap.cpp(34,46): warning C4244: 'argument': conversion from 'T' to 'T', possible loss of data
          with
          [
              T=unsigned int
          ]
          and
          [
              T=float
          ]
C:\Users\Callum\source\repos\EPAMaze\EPAMaze\tilemap.cpp(35,63): warning C4244: 'argument': conversion from 'T' to 'T', possible loss of data
          with
          [
              T=unsigned int
          ]
          and
          [
              T=float
          ]
C:\Users\Callum\source\repos\EPAMaze\EPAMaze\tilemap.cpp(35,40): warning C4244: 'argument': conversion from 'T' to 'T', possible loss of data
          with
          [
              T=unsigned int
          ]
          and
          [
              T=float
          ]
LINK : fatal error LNK1104: cannot open file 'C:\Users\Callum\source\repos\EPAMaze\Release\EPAMaze.exe'
